[2021-07-28 12:40:14] local.ERROR: Class "app\Models\Associado" not found {"exception":"[object] (Error(code: 0): Class \"app\\Models\\Associado\" not found at C:\\xampp\\htdocs\\Lumen-API\\lumen-api\\app\\Http\\Controllers\\AssociadoController.php:18)
[stacktrace]
#0 C:\\xampp\\htdocs\\Lumen-API\\lumen-api\\vendor\\illuminate\\container\\BoundMethod.php(36): App\\Http\\Controllers\\AssociadoController->todosUsuarios(Object(Laravel\\Lumen\\Http\\Request))
#1 C:\\xampp\\htdocs\\Lumen-API\\lumen-api\\vendor\\illuminate\\container\\Util.php(40): Illuminate\\Container\\BoundMethod::Illuminate\\Container\\{closure}()
#2 C:\\xampp\\htdocs\\Lumen-API\\lumen-api\\vendor\\illuminate\\container\\BoundMethod.php(93): Illuminate\\Container\\Util::unwrapIfClosure(Object(Closure))
#3 C:\\xampp\\htdocs\\Lumen-API\\lumen-api\\vendor\\illuminate\\container\\BoundMethod.php(37): Illuminate\\Container\\BoundMethod::callBoundMethod(Object(Laravel\\Lumen\\Application), Array, Object(Closure))
#4 C:\\xampp\\htdocs\\Lumen-API\\lumen-api\\vendor\\illuminate\\container\\Container.php(651): Illuminate\\Container\\BoundMethod::call(Object(Laravel\\Lumen\\Application), Array, Array, NULL)
#5 C:\\xampp\\htdocs\\Lumen-API\\lumen-api\\vendor\\laravel\\lumen-framework\\src\\Concerns\\RoutesRequests.php(386): Illuminate\\Container\\Container->call(Array, Array)
#6 C:\\xampp\\htdocs\\Lumen-API\\lumen-api\\vendor\\laravel\\lumen-framework\\src\\Concerns\\RoutesRequests.php(352): Laravel\\Lumen\\Application->callControllerCallable(Array, Array)
#7 C:\\xampp\\htdocs\\Lumen-API\\lumen-api\\vendor\\laravel\\lumen-framework\\src\\Concerns\\RoutesRequests.php(326): Laravel\\Lumen\\Application->callLumenController(Object(App\\Http\\Controllers\\AssociadoController), 'todosUsuarios', Array)
#8 C:\\xampp\\htdocs\\Lumen-API\\lumen-api\\vendor\\laravel\\lumen-framework\\src\\Concerns\\RoutesRequests.php(279): Laravel\\Lumen\\Application->callControllerAction(Array)
#9 C:\\xampp\\htdocs\\Lumen-API\\lumen-api\\vendor\\laravel\\lumen-framework\\src\\Concerns\\RoutesRequests.php(264): Laravel\\Lumen\\Application->callActionOnArrayBasedRoute(Array)
#10 C:\\xampp\\htdocs\\Lumen-API\\lumen-api\\vendor\\laravel\\lumen-framework\\src\\Concerns\\RoutesRequests.php(166): Laravel\\Lumen\\Application->handleFoundRoute(Array)
#11 C:\\xampp\\htdocs\\Lumen-API\\lumen-api\\vendor\\laravel\\lumen-framework\\src\\Concerns\\RoutesRequests.php(426): Laravel\\Lumen\\Application->Laravel\\Lumen\\Concerns\\{closure}(Object(Laravel\\Lumen\\Http\\Request))
#12 C:\\xampp\\htdocs\\Lumen-API\\lumen-api\\vendor\\laravel\\lumen-framework\\src\\Concerns\\RoutesRequests.php(172): Laravel\\Lumen\\Application->sendThroughPipeline(Array, Object(Closure))
#13 C:\\xampp\\htdocs\\Lumen-API\\lumen-api\\vendor\\laravel\\lumen-framework\\src\\Concerns\\RoutesRequests.php(109): Laravel\\Lumen\\Application->dispatch(NULL)
#14 C:\\xampp\\htdocs\\Lumen-API\\lumen-api\\public\\index.php(28): Laravel\\Lumen\\Application->run()
#15 {main}
"} 
[2021-07-28 12:41:45] local.ERROR: Class "app\Models\Associado" not found {"exception":"[object] (Error(code: 0): Class \"app\\Models\\Associado\" not found at C:\\xampp\\htdocs\\Lumen-API\\lumen-api\\app\\Http\\Controllers\\AssociadoController.php:18)
[stacktrace]
#0 C:\\xampp\\htdocs\\Lumen-API\\lumen-api\\vendor\\illuminate\\container\\BoundMethod.php(36): App\\Http\\Controllers\\AssociadoController->todosUsuarios(Object(Laravel\\Lumen\\Http\\Request))
#1 C:\\xampp\\htdocs\\Lumen-API\\lumen-api\\vendor\\illuminate\\container\\Util.php(40): Illuminate\\Container\\BoundMethod::Illuminate\\Container\\{closure}()
#2 C:\\xampp\\htdocs\\Lumen-API\\lumen-api\\vendor\\illuminate\\container\\BoundMethod.php(93): Illuminate\\Container\\Util::unwrapIfClosure(Object(Closure))
#3 C:\\xampp\\htdocs\\Lumen-API\\lumen-api\\vendor\\illuminate\\container\\BoundMethod.php(37): Illuminate\\Container\\BoundMethod::callBoundMethod(Object(Laravel\\Lumen\\Application), Array, Object(Closure))
#4 C:\\xampp\\htdocs\\Lumen-API\\lumen-api\\vendor\\illuminate\\container\\Container.php(651): Illuminate\\Container\\BoundMethod::call(Object(Laravel\\Lumen\\Application), Array, Array, NULL)
#5 C:\\xampp\\htdocs\\Lumen-API\\lumen-api\\vendor\\laravel\\lumen-framework\\src\\Concerns\\RoutesRequests.php(386): Illuminate\\Container\\Container->call(Array, Array)
#6 C:\\xampp\\htdocs\\Lumen-API\\lumen-api\\vendor\\laravel\\lumen-framework\\src\\Concerns\\RoutesRequests.php(352): Laravel\\Lumen\\Application->callControllerCallable(Array, Array)
#7 C:\\xampp\\htdocs\\Lumen-API\\lumen-api\\vendor\\laravel\\lumen-framework\\src\\Concerns\\RoutesRequests.php(326): Laravel\\Lumen\\Application->callLumenController(Object(App\\Http\\Controllers\\AssociadoController), 'todosUsuarios', Array)
#8 C:\\xampp\\htdocs\\Lumen-API\\lumen-api\\vendor\\laravel\\lumen-framework\\src\\Concerns\\RoutesRequests.php(279): Laravel\\Lumen\\Application->callControllerAction(Array)
#9 C:\\xampp\\htdocs\\Lumen-API\\lumen-api\\vendor\\laravel\\lumen-framework\\src\\Concerns\\RoutesRequests.php(264): Laravel\\Lumen\\Application->callActionOnArrayBasedRoute(Array)
#10 C:\\xampp\\htdocs\\Lumen-API\\lumen-api\\vendor\\laravel\\lumen-framework\\src\\Concerns\\RoutesRequests.php(166): Laravel\\Lumen\\Application->handleFoundRoute(Array)
#11 C:\\xampp\\htdocs\\Lumen-API\\lumen-api\\vendor\\laravel\\lumen-framework\\src\\Concerns\\RoutesRequests.php(426): Laravel\\Lumen\\Application->Laravel\\Lumen\\Concerns\\{closure}(Object(Laravel\\Lumen\\Http\\Request))
#12 C:\\xampp\\htdocs\\Lumen-API\\lumen-api\\vendor\\laravel\\lumen-framework\\src\\Concerns\\RoutesRequests.php(172): Laravel\\Lumen\\Application->sendThroughPipeline(Array, Object(Closure))
#13 C:\\xampp\\htdocs\\Lumen-API\\lumen-api\\vendor\\laravel\\lumen-framework\\src\\Concerns\\RoutesRequests.php(109): Laravel\\Lumen\\Application->dispatch(NULL)
#14 C:\\xampp\\htdocs\\Lumen-API\\lumen-api\\public\\index.php(28): Laravel\\Lumen\\Application->run()
#15 {main}
"} 
[2021-07-28 13:57:10] local.ERROR: Class "app\Models\Associado" not found {"exception":"[object] (Error(code: 0): Class \"app\\Models\\Associado\" not found at C:\\xampp\\htdocs\\Lumen-API\\lumen-api\\app\\Http\\Controllers\\AssociadoController.php:18)
[stacktrace]
#0 C:\\xampp\\htdocs\\Lumen-API\\lumen-api\\vendor\\illuminate\\container\\BoundMethod.php(36): App\\Http\\Controllers\\AssociadoController->todosUsuarios(Object(Laravel\\Lumen\\Http\\Request))
#1 C:\\xampp\\htdocs\\Lumen-API\\lumen-api\\vendor\\illuminate\\container\\Util.php(40): Illuminate\\Container\\BoundMethod::Illuminate\\Container\\{closure}()
#2 C:\\xampp\\htdocs\\Lumen-API\\lumen-api\\vendor\\illuminate\\container\\BoundMethod.php(93): Illuminate\\Container\\Util::unwrapIfClosure(Object(Closure))
#3 C:\\xampp\\htdocs\\Lumen-API\\lumen-api\\vendor\\illuminate\\container\\BoundMethod.php(37): Illuminate\\Container\\BoundMethod::callBoundMethod(Object(Laravel\\Lumen\\Application), Array, Object(Closure))
#4 C:\\xampp\\htdocs\\Lumen-API\\lumen-api\\vendor\\illuminate\\container\\Container.php(651): Illuminate\\Container\\BoundMethod::call(Object(Laravel\\Lumen\\Application), Array, Array, NULL)
#5 C:\\xampp\\htdocs\\Lumen-API\\lumen-api\\vendor\\laravel\\lumen-framework\\src\\Concerns\\RoutesRequests.php(386): Illuminate\\Container\\Container->call(Array, Array)
#6 C:\\xampp\\htdocs\\Lumen-API\\lumen-api\\vendor\\laravel\\lumen-framework\\src\\Concerns\\RoutesRequests.php(352): Laravel\\Lumen\\Application->callControllerCallable(Array, Array)
#7 C:\\xampp\\htdocs\\Lumen-API\\lumen-api\\vendor\\laravel\\lumen-framework\\src\\Concerns\\RoutesRequests.php(326): Laravel\\Lumen\\Application->callLumenController(Object(App\\Http\\Controllers\\AssociadoController), 'todosUsuarios', Array)
#8 C:\\xampp\\htdocs\\Lumen-API\\lumen-api\\vendor\\laravel\\lumen-framework\\src\\Concerns\\RoutesRequests.php(279): Laravel\\Lumen\\Application->callControllerAction(Array)
#9 C:\\xampp\\htdocs\\Lumen-API\\lumen-api\\vendor\\laravel\\lumen-framework\\src\\Concerns\\RoutesRequests.php(264): Laravel\\Lumen\\Application->callActionOnArrayBasedRoute(Array)
#10 C:\\xampp\\htdocs\\Lumen-API\\lumen-api\\vendor\\laravel\\lumen-framework\\src\\Concerns\\RoutesRequests.php(166): Laravel\\Lumen\\Application->handleFoundRoute(Array)
#11 C:\\xampp\\htdocs\\Lumen-API\\lumen-api\\vendor\\laravel\\lumen-framework\\src\\Concerns\\RoutesRequests.php(426): Laravel\\Lumen\\Application->Laravel\\Lumen\\Concerns\\{closure}(Object(Laravel\\Lumen\\Http\\Request))
#12 C:\\xampp\\htdocs\\Lumen-API\\lumen-api\\vendor\\laravel\\lumen-framework\\src\\Concerns\\RoutesRequests.php(172): Laravel\\Lumen\\Application->sendThroughPipeline(Array, Object(Closure))
#13 C:\\xampp\\htdocs\\Lumen-API\\lumen-api\\vendor\\laravel\\lumen-framework\\src\\Concerns\\RoutesRequests.php(109): Laravel\\Lumen\\Application->dispatch(NULL)
#14 C:\\xampp\\htdocs\\Lumen-API\\lumen-api\\public\\index.php(28): Laravel\\Lumen\\Application->run()
#15 {main}
"} 
[2021-07-28 13:57:20] local.ERROR: Class "app\Models\Associado" not found {"exception":"[object] (Error(code: 0): Class \"app\\Models\\Associado\" not found at C:\\xampp\\htdocs\\Lumen-API\\lumen-api\\app\\Http\\Controllers\\AssociadoController.php:18)
[stacktrace]
#0 C:\\xampp\\htdocs\\Lumen-API\\lumen-api\\vendor\\illuminate\\container\\BoundMethod.php(36): App\\Http\\Controllers\\AssociadoController->todosUsuarios(Object(Laravel\\Lumen\\Http\\Request))
#1 C:\\xampp\\htdocs\\Lumen-API\\lumen-api\\vendor\\illuminate\\container\\Util.php(40): Illuminate\\Container\\BoundMethod::Illuminate\\Container\\{closure}()
#2 C:\\xampp\\htdocs\\Lumen-API\\lumen-api\\vendor\\illuminate\\container\\BoundMethod.php(93): Illuminate\\Container\\Util::unwrapIfClosure(Object(Closure))
#3 C:\\xampp\\htdocs\\Lumen-API\\lumen-api\\vendor\\illuminate\\container\\BoundMethod.php(37): Illuminate\\Container\\BoundMethod::callBoundMethod(Object(Laravel\\Lumen\\Application), Array, Object(Closure))
#4 C:\\xampp\\htdocs\\Lumen-API\\lumen-api\\vendor\\illuminate\\container\\Container.php(651): Illuminate\\Container\\BoundMethod::call(Object(Laravel\\Lumen\\Application), Array, Array, NULL)
#5 C:\\xampp\\htdocs\\Lumen-API\\lumen-api\\vendor\\laravel\\lumen-framework\\src\\Concerns\\RoutesRequests.php(386): Illuminate\\Container\\Container->call(Array, Array)
#6 C:\\xampp\\htdocs\\Lumen-API\\lumen-api\\vendor\\laravel\\lumen-framework\\src\\Concerns\\RoutesRequests.php(352): Laravel\\Lumen\\Application->callControllerCallable(Array, Array)
#7 C:\\xampp\\htdocs\\Lumen-API\\lumen-api\\vendor\\laravel\\lumen-framework\\src\\Concerns\\RoutesRequests.php(326): Laravel\\Lumen\\Application->callLumenController(Object(App\\Http\\Controllers\\AssociadoController), 'todosUsuarios', Array)
#8 C:\\xampp\\htdocs\\Lumen-API\\lumen-api\\vendor\\laravel\\lumen-framework\\src\\Concerns\\RoutesRequests.php(279): Laravel\\Lumen\\Application->callControllerAction(Array)
#9 C:\\xampp\\htdocs\\Lumen-API\\lumen-api\\vendor\\laravel\\lumen-framework\\src\\Concerns\\RoutesRequests.php(264): Laravel\\Lumen\\Application->callActionOnArrayBasedRoute(Array)
#10 C:\\xampp\\htdocs\\Lumen-API\\lumen-api\\vendor\\laravel\\lumen-framework\\src\\Concerns\\RoutesRequests.php(166): Laravel\\Lumen\\Application->handleFoundRoute(Array)
#11 C:\\xampp\\htdocs\\Lumen-API\\lumen-api\\vendor\\laravel\\lumen-framework\\src\\Concerns\\RoutesRequests.php(426): Laravel\\Lumen\\Application->Laravel\\Lumen\\Concerns\\{closure}(Object(Laravel\\Lumen\\Http\\Request))
#12 C:\\xampp\\htdocs\\Lumen-API\\lumen-api\\vendor\\laravel\\lumen-framework\\src\\Concerns\\RoutesRequests.php(172): Laravel\\Lumen\\Application->sendThroughPipeline(Array, Object(Closure))
#13 C:\\xampp\\htdocs\\Lumen-API\\lumen-api\\vendor\\laravel\\lumen-framework\\src\\Concerns\\RoutesRequests.php(109): Laravel\\Lumen\\Application->dispatch(NULL)
#14 C:\\xampp\\htdocs\\Lumen-API\\lumen-api\\public\\index.php(28): Laravel\\Lumen\\Application->run()
#15 {main}
"} 
[2021-07-28 14:00:49] local.ERROR: Class "app\Associado" not found {"exception":"[object] (Error(code: 0): Class \"app\\Associado\" not found at C:\\xampp\\htdocs\\Lumen-API\\lumen-api\\app\\Http\\Controllers\\AssociadoController.php:18)
[stacktrace]
#0 C:\\xampp\\htdocs\\Lumen-API\\lumen-api\\vendor\\illuminate\\container\\BoundMethod.php(36): App\\Http\\Controllers\\AssociadoController->todosUsuarios(Object(Laravel\\Lumen\\Http\\Request))
#1 C:\\xampp\\htdocs\\Lumen-API\\lumen-api\\vendor\\illuminate\\container\\Util.php(40): Illuminate\\Container\\BoundMethod::Illuminate\\Container\\{closure}()
#2 C:\\xampp\\htdocs\\Lumen-API\\lumen-api\\vendor\\illuminate\\container\\BoundMethod.php(93): Illuminate\\Container\\Util::unwrapIfClosure(Object(Closure))
#3 C:\\xampp\\htdocs\\Lumen-API\\lumen-api\\vendor\\illuminate\\container\\BoundMethod.php(37): Illuminate\\Container\\BoundMethod::callBoundMethod(Object(Laravel\\Lumen\\Application), Array, Object(Closure))
#4 C:\\xampp\\htdocs\\Lumen-API\\lumen-api\\vendor\\illuminate\\container\\Container.php(651): Illuminate\\Container\\BoundMethod::call(Object(Laravel\\Lumen\\Application), Array, Array, NULL)
#5 C:\\xampp\\htdocs\\Lumen-API\\lumen-api\\vendor\\laravel\\lumen-framework\\src\\Concerns\\RoutesRequests.php(386): Illuminate\\Container\\Container->call(Array, Array)
#6 C:\\xampp\\htdocs\\Lumen-API\\lumen-api\\vendor\\laravel\\lumen-framework\\src\\Concerns\\RoutesRequests.php(352): Laravel\\Lumen\\Application->callControllerCallable(Array, Array)
#7 C:\\xampp\\htdocs\\Lumen-API\\lumen-api\\vendor\\laravel\\lumen-framework\\src\\Concerns\\RoutesRequests.php(326): Laravel\\Lumen\\Application->callLumenController(Object(App\\Http\\Controllers\\AssociadoController), 'todosUsuarios', Array)
#8 C:\\xampp\\htdocs\\Lumen-API\\lumen-api\\vendor\\laravel\\lumen-framework\\src\\Concerns\\RoutesRequests.php(279): Laravel\\Lumen\\Application->callControllerAction(Array)
#9 C:\\xampp\\htdocs\\Lumen-API\\lumen-api\\vendor\\laravel\\lumen-framework\\src\\Concerns\\RoutesRequests.php(264): Laravel\\Lumen\\Application->callActionOnArrayBasedRoute(Array)
#10 C:\\xampp\\htdocs\\Lumen-API\\lumen-api\\vendor\\laravel\\lumen-framework\\src\\Concerns\\RoutesRequests.php(166): Laravel\\Lumen\\Application->handleFoundRoute(Array)
#11 C:\\xampp\\htdocs\\Lumen-API\\lumen-api\\vendor\\laravel\\lumen-framework\\src\\Concerns\\RoutesRequests.php(426): Laravel\\Lumen\\Application->Laravel\\Lumen\\Concerns\\{closure}(Object(Laravel\\Lumen\\Http\\Request))
#12 C:\\xampp\\htdocs\\Lumen-API\\lumen-api\\vendor\\laravel\\lumen-framework\\src\\Concerns\\RoutesRequests.php(172): Laravel\\Lumen\\Application->sendThroughPipeline(Array, Object(Closure))
#13 C:\\xampp\\htdocs\\Lumen-API\\lumen-api\\vendor\\laravel\\lumen-framework\\src\\Concerns\\RoutesRequests.php(109): Laravel\\Lumen\\Application->dispatch(NULL)
#14 C:\\xampp\\htdocs\\Lumen-API\\lumen-api\\public\\index.php(28): Laravel\\Lumen\\Application->run()
#15 {main}
"} 
[2021-07-28 14:07:49] local.ERROR: Target class [app\Associado] does not exist. {"exception":"[object] (Illuminate\\Contracts\\Container\\BindingResolutionException(code: 0): Target class [app\\Associado] does not exist. at C:\\xampp\\htdocs\\Lumen-API\\lumen-api\\vendor\\illuminate\\container\\Container.php:875)
[stacktrace]
#0 C:\\xampp\\htdocs\\Lumen-API\\lumen-api\\vendor\\illuminate\\container\\Container.php(754): Illuminate\\Container\\Container->build('app\\\\Associado')
#1 C:\\xampp\\htdocs\\Lumen-API\\lumen-api\\vendor\\illuminate\\container\\Container.php(692): Illuminate\\Container\\Container->resolve('app\\\\Associado', Array)
#2 C:\\xampp\\htdocs\\Lumen-API\\lumen-api\\vendor\\laravel\\lumen-framework\\src\\Application.php(300): Illuminate\\Container\\Container->make('app\\\\Associado', Array)
#3 C:\\xampp\\htdocs\\Lumen-API\\lumen-api\\vendor\\illuminate\\container\\Container.php(1027): Laravel\\Lumen\\Application->make('app\\\\Associado')
#4 C:\\xampp\\htdocs\\Lumen-API\\lumen-api\\vendor\\illuminate\\container\\Container.php(947): Illuminate\\Container\\Container->resolveClass(Object(ReflectionParameter))
#5 C:\\xampp\\htdocs\\Lumen-API\\lumen-api\\vendor\\illuminate\\container\\Container.php(908): Illuminate\\Container\\Container->resolveDependencies(Array)
#6 C:\\xampp\\htdocs\\Lumen-API\\lumen-api\\vendor\\illuminate\\container\\Container.php(754): Illuminate\\Container\\Container->build('App\\\\Http\\\\Contro...')
#7 C:\\xampp\\htdocs\\Lumen-API\\lumen-api\\vendor\\illuminate\\container\\Container.php(692): Illuminate\\Container\\Container->resolve('App\\\\Http\\\\Contro...', Array)
#8 C:\\xampp\\htdocs\\Lumen-API\\lumen-api\\vendor\\laravel\\lumen-framework\\src\\Application.php(300): Illuminate\\Container\\Container->make('App\\\\Http\\\\Contro...', Array)
#9 C:\\xampp\\htdocs\\Lumen-API\\lumen-api\\vendor\\laravel\\lumen-framework\\src\\Concerns\\RoutesRequests.php(321): Laravel\\Lumen\\Application->make('App\\\\Http\\\\Contro...')
#10 C:\\xampp\\htdocs\\Lumen-API\\lumen-api\\vendor\\laravel\\lumen-framework\\src\\Concerns\\RoutesRequests.php(279): Laravel\\Lumen\\Application->callControllerAction(Array)
#11 C:\\xampp\\htdocs\\Lumen-API\\lumen-api\\vendor\\laravel\\lumen-framework\\src\\Concerns\\RoutesRequests.php(264): Laravel\\Lumen\\Application->callActionOnArrayBasedRoute(Array)
#12 C:\\xampp\\htdocs\\Lumen-API\\lumen-api\\vendor\\laravel\\lumen-framework\\src\\Concerns\\RoutesRequests.php(166): Laravel\\Lumen\\Application->handleFoundRoute(Array)
#13 C:\\xampp\\htdocs\\Lumen-API\\lumen-api\\vendor\\laravel\\lumen-framework\\src\\Concerns\\RoutesRequests.php(426): Laravel\\Lumen\\Application->Laravel\\Lumen\\Concerns\\{closure}(Object(Laravel\\Lumen\\Http\\Request))
#14 C:\\xampp\\htdocs\\Lumen-API\\lumen-api\\vendor\\laravel\\lumen-framework\\src\\Concerns\\RoutesRequests.php(172): Laravel\\Lumen\\Application->sendThroughPipeline(Array, Object(Closure))
#15 C:\\xampp\\htdocs\\Lumen-API\\lumen-api\\vendor\\laravel\\lumen-framework\\src\\Concerns\\RoutesRequests.php(109): Laravel\\Lumen\\Application->dispatch(NULL)
#16 C:\\xampp\\htdocs\\Lumen-API\\lumen-api\\public\\index.php(28): Laravel\\Lumen\\Application->run()
#17 {main}

[previous exception] [object] (ReflectionException(code: -1): Class \"app\\Associado\" does not exist at C:\\xampp\\htdocs\\Lumen-API\\lumen-api\\vendor\\illuminate\\container\\Container.php:873)
[stacktrace]
#0 C:\\xampp\\htdocs\\Lumen-API\\lumen-api\\vendor\\illuminate\\container\\Container.php(873): ReflectionClass->__construct('app\\\\Associado')
#1 C:\\xampp\\htdocs\\Lumen-API\\lumen-api\\vendor\\illuminate\\container\\Container.php(754): Illuminate\\Container\\Container->build('app\\\\Associado')
#2 C:\\xampp\\htdocs\\Lumen-API\\lumen-api\\vendor\\illuminate\\container\\Container.php(692): Illuminate\\Container\\Container->resolve('app\\\\Associado', Array)
#3 C:\\xampp\\htdocs\\Lumen-API\\lumen-api\\vendor\\laravel\\lumen-framework\\src\\Application.php(300): Illuminate\\Container\\Container->make('app\\\\Associado', Array)
#4 C:\\xampp\\htdocs\\Lumen-API\\lumen-api\\vendor\\illuminate\\container\\Container.php(1027): Laravel\\Lumen\\Application->make('app\\\\Associado')
#5 C:\\xampp\\htdocs\\Lumen-API\\lumen-api\\vendor\\illuminate\\container\\Container.php(947): Illuminate\\Container\\Container->resolveClass(Object(ReflectionParameter))
#6 C:\\xampp\\htdocs\\Lumen-API\\lumen-api\\vendor\\illuminate\\container\\Container.php(908): Illuminate\\Container\\Container->resolveDependencies(Array)
#7 C:\\xampp\\htdocs\\Lumen-API\\lumen-api\\vendor\\illuminate\\container\\Container.php(754): Illuminate\\Container\\Container->build('App\\\\Http\\\\Contro...')
#8 C:\\xampp\\htdocs\\Lumen-API\\lumen-api\\vendor\\illuminate\\container\\Container.php(692): Illuminate\\Container\\Container->resolve('App\\\\Http\\\\Contro...', Array)
#9 C:\\xampp\\htdocs\\Lumen-API\\lumen-api\\vendor\\laravel\\lumen-framework\\src\\Application.php(300): Illuminate\\Container\\Container->make('App\\\\Http\\\\Contro...', Array)
#10 C:\\xampp\\htdocs\\Lumen-API\\lumen-api\\vendor\\laravel\\lumen-framework\\src\\Concerns\\RoutesRequests.php(321): Laravel\\Lumen\\Application->make('App\\\\Http\\\\Contro...')
#11 C:\\xampp\\htdocs\\Lumen-API\\lumen-api\\vendor\\laravel\\lumen-framework\\src\\Concerns\\RoutesRequests.php(279): Laravel\\Lumen\\Application->callControllerAction(Array)
#12 C:\\xampp\\htdocs\\Lumen-API\\lumen-api\\vendor\\laravel\\lumen-framework\\src\\Concerns\\RoutesRequests.php(264): Laravel\\Lumen\\Application->callActionOnArrayBasedRoute(Array)
#13 C:\\xampp\\htdocs\\Lumen-API\\lumen-api\\vendor\\laravel\\lumen-framework\\src\\Concerns\\RoutesRequests.php(166): Laravel\\Lumen\\Application->handleFoundRoute(Array)
#14 C:\\xampp\\htdocs\\Lumen-API\\lumen-api\\vendor\\laravel\\lumen-framework\\src\\Concerns\\RoutesRequests.php(426): Laravel\\Lumen\\Application->Laravel\\Lumen\\Concerns\\{closure}(Object(Laravel\\Lumen\\Http\\Request))
#15 C:\\xampp\\htdocs\\Lumen-API\\lumen-api\\vendor\\laravel\\lumen-framework\\src\\Concerns\\RoutesRequests.php(172): Laravel\\Lumen\\Application->sendThroughPipeline(Array, Object(Closure))
#16 C:\\xampp\\htdocs\\Lumen-API\\lumen-api\\vendor\\laravel\\lumen-framework\\src\\Concerns\\RoutesRequests.php(109): Laravel\\Lumen\\Application->dispatch(NULL)
#17 C:\\xampp\\htdocs\\Lumen-API\\lumen-api\\public\\index.php(28): Laravel\\Lumen\\Application->run()
#18 {main}
"} 
[2021-07-28 14:09:15] local.ERROR: Target class [app\Associado] does not exist. {"exception":"[object] (Illuminate\\Contracts\\Container\\BindingResolutionException(code: 0): Target class [app\\Associado] does not exist. at C:\\xampp\\htdocs\\Lumen-API\\lumen-api\\vendor\\illuminate\\container\\Container.php:875)
[stacktrace]
#0 C:\\xampp\\htdocs\\Lumen-API\\lumen-api\\vendor\\illuminate\\container\\Container.php(754): Illuminate\\Container\\Container->build('app\\\\Associado')
#1 C:\\xampp\\htdocs\\Lumen-API\\lumen-api\\vendor\\illuminate\\container\\Container.php(692): Illuminate\\Container\\Container->resolve('app\\\\Associado', Array)
#2 C:\\xampp\\htdocs\\Lumen-API\\lumen-api\\vendor\\laravel\\lumen-framework\\src\\Application.php(300): Illuminate\\Container\\Container->make('app\\\\Associado', Array)
#3 C:\\xampp\\htdocs\\Lumen-API\\lumen-api\\vendor\\illuminate\\container\\Container.php(1027): Laravel\\Lumen\\Application->make('app\\\\Associado')
#4 C:\\xampp\\htdocs\\Lumen-API\\lumen-api\\vendor\\illuminate\\container\\Container.php(947): Illuminate\\Container\\Container->resolveClass(Object(ReflectionParameter))
#5 C:\\xampp\\htdocs\\Lumen-API\\lumen-api\\vendor\\illuminate\\container\\Container.php(908): Illuminate\\Container\\Container->resolveDependencies(Array)
#6 C:\\xampp\\htdocs\\Lumen-API\\lumen-api\\vendor\\illuminate\\container\\Container.php(754): Illuminate\\Container\\Container->build('App\\\\Http\\\\Contro...')
#7 C:\\xampp\\htdocs\\Lumen-API\\lumen-api\\vendor\\illuminate\\container\\Container.php(692): Illuminate\\Container\\Container->resolve('App\\\\Http\\\\Contro...', Array)
#8 C:\\xampp\\htdocs\\Lumen-API\\lumen-api\\vendor\\laravel\\lumen-framework\\src\\Application.php(300): Illuminate\\Container\\Container->make('App\\\\Http\\\\Contro...', Array)
#9 C:\\xampp\\htdocs\\Lumen-API\\lumen-api\\vendor\\laravel\\lumen-framework\\src\\Concerns\\RoutesRequests.php(321): Laravel\\Lumen\\Application->make('App\\\\Http\\\\Contro...')
#10 C:\\xampp\\htdocs\\Lumen-API\\lumen-api\\vendor\\laravel\\lumen-framework\\src\\Concerns\\RoutesRequests.php(279): Laravel\\Lumen\\Application->callControllerAction(Array)
#11 C:\\xampp\\htdocs\\Lumen-API\\lumen-api\\vendor\\laravel\\lumen-framework\\src\\Concerns\\RoutesRequests.php(264): Laravel\\Lumen\\Application->callActionOnArrayBasedRoute(Array)
#12 C:\\xampp\\htdocs\\Lumen-API\\lumen-api\\vendor\\laravel\\lumen-framework\\src\\Concerns\\RoutesRequests.php(166): Laravel\\Lumen\\Application->handleFoundRoute(Array)
#13 C:\\xampp\\htdocs\\Lumen-API\\lumen-api\\vendor\\laravel\\lumen-framework\\src\\Concerns\\RoutesRequests.php(426): Laravel\\Lumen\\Application->Laravel\\Lumen\\Concerns\\{closure}(Object(Laravel\\Lumen\\Http\\Request))
#14 C:\\xampp\\htdocs\\Lumen-API\\lumen-api\\vendor\\laravel\\lumen-framework\\src\\Concerns\\RoutesRequests.php(172): Laravel\\Lumen\\Application->sendThroughPipeline(Array, Object(Closure))
#15 C:\\xampp\\htdocs\\Lumen-API\\lumen-api\\vendor\\laravel\\lumen-framework\\src\\Concerns\\RoutesRequests.php(109): Laravel\\Lumen\\Application->dispatch(NULL)
#16 C:\\xampp\\htdocs\\Lumen-API\\lumen-api\\public\\index.php(28): Laravel\\Lumen\\Application->run()
#17 {main}

[previous exception] [object] (ReflectionException(code: -1): Class \"app\\Associado\" does not exist at C:\\xampp\\htdocs\\Lumen-API\\lumen-api\\vendor\\illuminate\\container\\Container.php:873)
[stacktrace]
#0 C:\\xampp\\htdocs\\Lumen-API\\lumen-api\\vendor\\illuminate\\container\\Container.php(873): ReflectionClass->__construct('app\\\\Associado')
#1 C:\\xampp\\htdocs\\Lumen-API\\lumen-api\\vendor\\illuminate\\container\\Container.php(754): Illuminate\\Container\\Container->build('app\\\\Associado')
#2 C:\\xampp\\htdocs\\Lumen-API\\lumen-api\\vendor\\illuminate\\container\\Container.php(692): Illuminate\\Container\\Container->resolve('app\\\\Associado', Array)
#3 C:\\xampp\\htdocs\\Lumen-API\\lumen-api\\vendor\\laravel\\lumen-framework\\src\\Application.php(300): Illuminate\\Container\\Container->make('app\\\\Associado', Array)
#4 C:\\xampp\\htdocs\\Lumen-API\\lumen-api\\vendor\\illuminate\\container\\Container.php(1027): Laravel\\Lumen\\Application->make('app\\\\Associado')
#5 C:\\xampp\\htdocs\\Lumen-API\\lumen-api\\vendor\\illuminate\\container\\Container.php(947): Illuminate\\Container\\Container->resolveClass(Object(ReflectionParameter))
#6 C:\\xampp\\htdocs\\Lumen-API\\lumen-api\\vendor\\illuminate\\container\\Container.php(908): Illuminate\\Container\\Container->resolveDependencies(Array)
#7 C:\\xampp\\htdocs\\Lumen-API\\lumen-api\\vendor\\illuminate\\container\\Container.php(754): Illuminate\\Container\\Container->build('App\\\\Http\\\\Contro...')
#8 C:\\xampp\\htdocs\\Lumen-API\\lumen-api\\vendor\\illuminate\\container\\Container.php(692): Illuminate\\Container\\Container->resolve('App\\\\Http\\\\Contro...', Array)
#9 C:\\xampp\\htdocs\\Lumen-API\\lumen-api\\vendor\\laravel\\lumen-framework\\src\\Application.php(300): Illuminate\\Container\\Container->make('App\\\\Http\\\\Contro...', Array)
#10 C:\\xampp\\htdocs\\Lumen-API\\lumen-api\\vendor\\laravel\\lumen-framework\\src\\Concerns\\RoutesRequests.php(321): Laravel\\Lumen\\Application->make('App\\\\Http\\\\Contro...')
#11 C:\\xampp\\htdocs\\Lumen-API\\lumen-api\\vendor\\laravel\\lumen-framework\\src\\Concerns\\RoutesRequests.php(279): Laravel\\Lumen\\Application->callControllerAction(Array)
#12 C:\\xampp\\htdocs\\Lumen-API\\lumen-api\\vendor\\laravel\\lumen-framework\\src\\Concerns\\RoutesRequests.php(264): Laravel\\Lumen\\Application->callActionOnArrayBasedRoute(Array)
#13 C:\\xampp\\htdocs\\Lumen-API\\lumen-api\\vendor\\laravel\\lumen-framework\\src\\Concerns\\RoutesRequests.php(166): Laravel\\Lumen\\Application->handleFoundRoute(Array)
#14 C:\\xampp\\htdocs\\Lumen-API\\lumen-api\\vendor\\laravel\\lumen-framework\\src\\Concerns\\RoutesRequests.php(426): Laravel\\Lumen\\Application->Laravel\\Lumen\\Concerns\\{closure}(Object(Laravel\\Lumen\\Http\\Request))
#15 C:\\xampp\\htdocs\\Lumen-API\\lumen-api\\vendor\\laravel\\lumen-framework\\src\\Concerns\\RoutesRequests.php(172): Laravel\\Lumen\\Application->sendThroughPipeline(Array, Object(Closure))
#16 C:\\xampp\\htdocs\\Lumen-API\\lumen-api\\vendor\\laravel\\lumen-framework\\src\\Concerns\\RoutesRequests.php(109): Laravel\\Lumen\\Application->dispatch(NULL)
#17 C:\\xampp\\htdocs\\Lumen-API\\lumen-api\\public\\index.php(28): Laravel\\Lumen\\Application->run()
#18 {main}
"} 
[2021-07-28 14:10:26] local.ERROR: Target class [app\Models\Associado] does not exist. {"exception":"[object] (Illuminate\\Contracts\\Container\\BindingResolutionException(code: 0): Target class [app\\Models\\Associado] does not exist. at C:\\xampp\\htdocs\\Lumen-API\\lumen-api\\vendor\\illuminate\\container\\Container.php:875)
[stacktrace]
#0 C:\\xampp\\htdocs\\Lumen-API\\lumen-api\\vendor\\illuminate\\container\\Container.php(754): Illuminate\\Container\\Container->build('app\\\\Models\\\\Asso...')
#1 C:\\xampp\\htdocs\\Lumen-API\\lumen-api\\vendor\\illuminate\\container\\Container.php(692): Illuminate\\Container\\Container->resolve('app\\\\Models\\\\Asso...', Array)
#2 C:\\xampp\\htdocs\\Lumen-API\\lumen-api\\vendor\\laravel\\lumen-framework\\src\\Application.php(300): Illuminate\\Container\\Container->make('app\\\\Models\\\\Asso...', Array)
#3 C:\\xampp\\htdocs\\Lumen-API\\lumen-api\\vendor\\illuminate\\container\\Container.php(1027): Laravel\\Lumen\\Application->make('app\\\\Models\\\\Asso...')
#4 C:\\xampp\\htdocs\\Lumen-API\\lumen-api\\vendor\\illuminate\\container\\Container.php(947): Illuminate\\Container\\Container->resolveClass(Object(ReflectionParameter))
#5 C:\\xampp\\htdocs\\Lumen-API\\lumen-api\\vendor\\illuminate\\container\\Container.php(908): Illuminate\\Container\\Container->resolveDependencies(Array)
#6 C:\\xampp\\htdocs\\Lumen-API\\lumen-api\\vendor\\illuminate\\container\\Container.php(754): Illuminate\\Container\\Container->build('App\\\\Http\\\\Contro...')
#7 C:\\xampp\\htdocs\\Lumen-API\\lumen-api\\vendor\\illuminate\\container\\Container.php(692): Illuminate\\Container\\Container->resolve('App\\\\Http\\\\Contro...', Array)
#8 C:\\xampp\\htdocs\\Lumen-API\\lumen-api\\vendor\\laravel\\lumen-framework\\src\\Application.php(300): Illuminate\\Container\\Container->make('App\\\\Http\\\\Contro...', Array)
#9 C:\\xampp\\htdocs\\Lumen-API\\lumen-api\\vendor\\laravel\\lumen-framework\\src\\Concerns\\RoutesRequests.php(321): Laravel\\Lumen\\Application->make('App\\\\Http\\\\Contro...')
#10 C:\\xampp\\htdocs\\Lumen-API\\lumen-api\\vendor\\laravel\\lumen-framework\\src\\Concerns\\RoutesRequests.php(279): Laravel\\Lumen\\Application->callControllerAction(Array)
#11 C:\\xampp\\htdocs\\Lumen-API\\lumen-api\\vendor\\laravel\\lumen-framework\\src\\Concerns\\RoutesRequests.php(264): Laravel\\Lumen\\Application->callActionOnArrayBasedRoute(Array)
#12 C:\\xampp\\htdocs\\Lumen-API\\lumen-api\\vendor\\laravel\\lumen-framework\\src\\Concerns\\RoutesRequests.php(166): Laravel\\Lumen\\Application->handleFoundRoute(Array)
#13 C:\\xampp\\htdocs\\Lumen-API\\lumen-api\\vendor\\laravel\\lumen-framework\\src\\Concerns\\RoutesRequests.php(426): Laravel\\Lumen\\Application->Laravel\\Lumen\\Concerns\\{closure}(Object(Laravel\\Lumen\\Http\\Request))
#14 C:\\xampp\\htdocs\\Lumen-API\\lumen-api\\vendor\\laravel\\lumen-framework\\src\\Concerns\\RoutesRequests.php(172): Laravel\\Lumen\\Application->sendThroughPipeline(Array, Object(Closure))
#15 C:\\xampp\\htdocs\\Lumen-API\\lumen-api\\vendor\\laravel\\lumen-framework\\src\\Concerns\\RoutesRequests.php(109): Laravel\\Lumen\\Application->dispatch(NULL)
#16 C:\\xampp\\htdocs\\Lumen-API\\lumen-api\\public\\index.php(28): Laravel\\Lumen\\Application->run()
#17 {main}

[previous exception] [object] (ReflectionException(code: -1): Class \"app\\Models\\Associado\" does not exist at C:\\xampp\\htdocs\\Lumen-API\\lumen-api\\vendor\\illuminate\\container\\Container.php:873)
[stacktrace]
#0 C:\\xampp\\htdocs\\Lumen-API\\lumen-api\\vendor\\illuminate\\container\\Container.php(873): ReflectionClass->__construct('app\\\\Models\\\\Asso...')
#1 C:\\xampp\\htdocs\\Lumen-API\\lumen-api\\vendor\\illuminate\\container\\Container.php(754): Illuminate\\Container\\Container->build('app\\\\Models\\\\Asso...')
#2 C:\\xampp\\htdocs\\Lumen-API\\lumen-api\\vendor\\illuminate\\container\\Container.php(692): Illuminate\\Container\\Container->resolve('app\\\\Models\\\\Asso...', Array)
#3 C:\\xampp\\htdocs\\Lumen-API\\lumen-api\\vendor\\laravel\\lumen-framework\\src\\Application.php(300): Illuminate\\Container\\Container->make('app\\\\Models\\\\Asso...', Array)
#4 C:\\xampp\\htdocs\\Lumen-API\\lumen-api\\vendor\\illuminate\\container\\Container.php(1027): Laravel\\Lumen\\Application->make('app\\\\Models\\\\Asso...')
#5 C:\\xampp\\htdocs\\Lumen-API\\lumen-api\\vendor\\illuminate\\container\\Container.php(947): Illuminate\\Container\\Container->resolveClass(Object(ReflectionParameter))
#6 C:\\xampp\\htdocs\\Lumen-API\\lumen-api\\vendor\\illuminate\\container\\Container.php(908): Illuminate\\Container\\Container->resolveDependencies(Array)
#7 C:\\xampp\\htdocs\\Lumen-API\\lumen-api\\vendor\\illuminate\\container\\Container.php(754): Illuminate\\Container\\Container->build('App\\\\Http\\\\Contro...')
#8 C:\\xampp\\htdocs\\Lumen-API\\lumen-api\\vendor\\illuminate\\container\\Container.php(692): Illuminate\\Container\\Container->resolve('App\\\\Http\\\\Contro...', Array)
#9 C:\\xampp\\htdocs\\Lumen-API\\lumen-api\\vendor\\laravel\\lumen-framework\\src\\Application.php(300): Illuminate\\Container\\Container->make('App\\\\Http\\\\Contro...', Array)
#10 C:\\xampp\\htdocs\\Lumen-API\\lumen-api\\vendor\\laravel\\lumen-framework\\src\\Concerns\\RoutesRequests.php(321): Laravel\\Lumen\\Application->make('App\\\\Http\\\\Contro...')
#11 C:\\xampp\\htdocs\\Lumen-API\\lumen-api\\vendor\\laravel\\lumen-framework\\src\\Concerns\\RoutesRequests.php(279): Laravel\\Lumen\\Application->callControllerAction(Array)
#12 C:\\xampp\\htdocs\\Lumen-API\\lumen-api\\vendor\\laravel\\lumen-framework\\src\\Concerns\\RoutesRequests.php(264): Laravel\\Lumen\\Application->callActionOnArrayBasedRoute(Array)
#13 C:\\xampp\\htdocs\\Lumen-API\\lumen-api\\vendor\\laravel\\lumen-framework\\src\\Concerns\\RoutesRequests.php(166): Laravel\\Lumen\\Application->handleFoundRoute(Array)
#14 C:\\xampp\\htdocs\\Lumen-API\\lumen-api\\vendor\\laravel\\lumen-framework\\src\\Concerns\\RoutesRequests.php(426): Laravel\\Lumen\\Application->Laravel\\Lumen\\Concerns\\{closure}(Object(Laravel\\Lumen\\Http\\Request))
#15 C:\\xampp\\htdocs\\Lumen-API\\lumen-api\\vendor\\laravel\\lumen-framework\\src\\Concerns\\RoutesRequests.php(172): Laravel\\Lumen\\Application->sendThroughPipeline(Array, Object(Closure))
#16 C:\\xampp\\htdocs\\Lumen-API\\lumen-api\\vendor\\laravel\\lumen-framework\\src\\Concerns\\RoutesRequests.php(109): Laravel\\Lumen\\Application->dispatch(NULL)
#17 C:\\xampp\\htdocs\\Lumen-API\\lumen-api\\public\\index.php(28): Laravel\\Lumen\\Application->run()
#18 {main}
"} 
[2021-07-28 14:10:43] local.ERROR: Target class [app\Models\Associado] does not exist. {"exception":"[object] (Illuminate\\Contracts\\Container\\BindingResolutionException(code: 0): Target class [app\\Models\\Associado] does not exist. at C:\\xampp\\htdocs\\Lumen-API\\lumen-api\\vendor\\illuminate\\container\\Container.php:875)
[stacktrace]
#0 C:\\xampp\\htdocs\\Lumen-API\\lumen-api\\vendor\\illuminate\\container\\Container.php(754): Illuminate\\Container\\Container->build('app\\\\Models\\\\Asso...')
#1 C:\\xampp\\htdocs\\Lumen-API\\lumen-api\\vendor\\illuminate\\container\\Container.php(692): Illuminate\\Container\\Container->resolve('app\\\\Models\\\\Asso...', Array)
#2 C:\\xampp\\htdocs\\Lumen-API\\lumen-api\\vendor\\laravel\\lumen-framework\\src\\Application.php(300): Illuminate\\Container\\Container->make('app\\\\Models\\\\Asso...', Array)
#3 C:\\xampp\\htdocs\\Lumen-API\\lumen-api\\vendor\\illuminate\\container\\Container.php(1027): Laravel\\Lumen\\Application->make('app\\\\Models\\\\Asso...')
#4 C:\\xampp\\htdocs\\Lumen-API\\lumen-api\\vendor\\illuminate\\container\\Container.php(947): Illuminate\\Container\\Container->resolveClass(Object(ReflectionParameter))
#5 C:\\xampp\\htdocs\\Lumen-API\\lumen-api\\vendor\\illuminate\\container\\Container.php(908): Illuminate\\Container\\Container->resolveDependencies(Array)
#6 C:\\xampp\\htdocs\\Lumen-API\\lumen-api\\vendor\\illuminate\\container\\Container.php(754): Illuminate\\Container\\Container->build('App\\\\Http\\\\Contro...')
#7 C:\\xampp\\htdocs\\Lumen-API\\lumen-api\\vendor\\illuminate\\container\\Container.php(692): Illuminate\\Container\\Container->resolve('App\\\\Http\\\\Contro...', Array)
#8 C:\\xampp\\htdocs\\Lumen-API\\lumen-api\\vendor\\laravel\\lumen-framework\\src\\Application.php(300): Illuminate\\Container\\Container->make('App\\\\Http\\\\Contro...', Array)
#9 C:\\xampp\\htdocs\\Lumen-API\\lumen-api\\vendor\\laravel\\lumen-framework\\src\\Concerns\\RoutesRequests.php(321): Laravel\\Lumen\\Application->make('App\\\\Http\\\\Contro...')
#10 C:\\xampp\\htdocs\\Lumen-API\\lumen-api\\vendor\\laravel\\lumen-framework\\src\\Concerns\\RoutesRequests.php(279): Laravel\\Lumen\\Application->callControllerAction(Array)
#11 C:\\xampp\\htdocs\\Lumen-API\\lumen-api\\vendor\\laravel\\lumen-framework\\src\\Concerns\\RoutesRequests.php(264): Laravel\\Lumen\\Application->callActionOnArrayBasedRoute(Array)
#12 C:\\xampp\\htdocs\\Lumen-API\\lumen-api\\vendor\\laravel\\lumen-framework\\src\\Concerns\\RoutesRequests.php(166): Laravel\\Lumen\\Application->handleFoundRoute(Array)
#13 C:\\xampp\\htdocs\\Lumen-API\\lumen-api\\vendor\\laravel\\lumen-framework\\src\\Concerns\\RoutesRequests.php(426): Laravel\\Lumen\\Application->Laravel\\Lumen\\Concerns\\{closure}(Object(Laravel\\Lumen\\Http\\Request))
#14 C:\\xampp\\htdocs\\Lumen-API\\lumen-api\\vendor\\laravel\\lumen-framework\\src\\Concerns\\RoutesRequests.php(172): Laravel\\Lumen\\Application->sendThroughPipeline(Array, Object(Closure))
#15 C:\\xampp\\htdocs\\Lumen-API\\lumen-api\\vendor\\laravel\\lumen-framework\\src\\Concerns\\RoutesRequests.php(109): Laravel\\Lumen\\Application->dispatch(NULL)
#16 C:\\xampp\\htdocs\\Lumen-API\\lumen-api\\public\\index.php(28): Laravel\\Lumen\\Application->run()
#17 {main}

[previous exception] [object] (ReflectionException(code: -1): Class \"app\\Models\\Associado\" does not exist at C:\\xampp\\htdocs\\Lumen-API\\lumen-api\\vendor\\illuminate\\container\\Container.php:873)
[stacktrace]
#0 C:\\xampp\\htdocs\\Lumen-API\\lumen-api\\vendor\\illuminate\\container\\Container.php(873): ReflectionClass->__construct('app\\\\Models\\\\Asso...')
#1 C:\\xampp\\htdocs\\Lumen-API\\lumen-api\\vendor\\illuminate\\container\\Container.php(754): Illuminate\\Container\\Container->build('app\\\\Models\\\\Asso...')
#2 C:\\xampp\\htdocs\\Lumen-API\\lumen-api\\vendor\\illuminate\\container\\Container.php(692): Illuminate\\Container\\Container->resolve('app\\\\Models\\\\Asso...', Array)
#3 C:\\xampp\\htdocs\\Lumen-API\\lumen-api\\vendor\\laravel\\lumen-framework\\src\\Application.php(300): Illuminate\\Container\\Container->make('app\\\\Models\\\\Asso...', Array)
#4 C:\\xampp\\htdocs\\Lumen-API\\lumen-api\\vendor\\illuminate\\container\\Container.php(1027): Laravel\\Lumen\\Application->make('app\\\\Models\\\\Asso...')
#5 C:\\xampp\\htdocs\\Lumen-API\\lumen-api\\vendor\\illuminate\\container\\Container.php(947): Illuminate\\Container\\Container->resolveClass(Object(ReflectionParameter))
#6 C:\\xampp\\htdocs\\Lumen-API\\lumen-api\\vendor\\illuminate\\container\\Container.php(908): Illuminate\\Container\\Container->resolveDependencies(Array)
#7 C:\\xampp\\htdocs\\Lumen-API\\lumen-api\\vendor\\illuminate\\container\\Container.php(754): Illuminate\\Container\\Container->build('App\\\\Http\\\\Contro...')
#8 C:\\xampp\\htdocs\\Lumen-API\\lumen-api\\vendor\\illuminate\\container\\Container.php(692): Illuminate\\Container\\Container->resolve('App\\\\Http\\\\Contro...', Array)
#9 C:\\xampp\\htdocs\\Lumen-API\\lumen-api\\vendor\\laravel\\lumen-framework\\src\\Application.php(300): Illuminate\\Container\\Container->make('App\\\\Http\\\\Contro...', Array)
#10 C:\\xampp\\htdocs\\Lumen-API\\lumen-api\\vendor\\laravel\\lumen-framework\\src\\Concerns\\RoutesRequests.php(321): Laravel\\Lumen\\Application->make('App\\\\Http\\\\Contro...')
#11 C:\\xampp\\htdocs\\Lumen-API\\lumen-api\\vendor\\laravel\\lumen-framework\\src\\Concerns\\RoutesRequests.php(279): Laravel\\Lumen\\Application->callControllerAction(Array)
#12 C:\\xampp\\htdocs\\Lumen-API\\lumen-api\\vendor\\laravel\\lumen-framework\\src\\Concerns\\RoutesRequests.php(264): Laravel\\Lumen\\Application->callActionOnArrayBasedRoute(Array)
#13 C:\\xampp\\htdocs\\Lumen-API\\lumen-api\\vendor\\laravel\\lumen-framework\\src\\Concerns\\RoutesRequests.php(166): Laravel\\Lumen\\Application->handleFoundRoute(Array)
#14 C:\\xampp\\htdocs\\Lumen-API\\lumen-api\\vendor\\laravel\\lumen-framework\\src\\Concerns\\RoutesRequests.php(426): Laravel\\Lumen\\Application->Laravel\\Lumen\\Concerns\\{closure}(Object(Laravel\\Lumen\\Http\\Request))
#15 C:\\xampp\\htdocs\\Lumen-API\\lumen-api\\vendor\\laravel\\lumen-framework\\src\\Concerns\\RoutesRequests.php(172): Laravel\\Lumen\\Application->sendThroughPipeline(Array, Object(Closure))
#16 C:\\xampp\\htdocs\\Lumen-API\\lumen-api\\vendor\\laravel\\lumen-framework\\src\\Concerns\\RoutesRequests.php(109): Laravel\\Lumen\\Application->dispatch(NULL)
#17 C:\\xampp\\htdocs\\Lumen-API\\lumen-api\\public\\index.php(28): Laravel\\Lumen\\Application->run()
#18 {main}
"} 
[2021-07-28 14:11:34] local.ERROR: Target class [app\Models\Associado] does not exist. {"exception":"[object] (Illuminate\\Contracts\\Container\\BindingResolutionException(code: 0): Target class [app\\Models\\Associado] does not exist. at C:\\xampp\\htdocs\\Lumen-API\\lumen-api\\vendor\\illuminate\\container\\Container.php:875)
[stacktrace]
#0 C:\\xampp\\htdocs\\Lumen-API\\lumen-api\\vendor\\illuminate\\container\\Container.php(754): Illuminate\\Container\\Container->build('app\\\\Models\\\\Asso...')
#1 C:\\xampp\\htdocs\\Lumen-API\\lumen-api\\vendor\\illuminate\\container\\Container.php(692): Illuminate\\Container\\Container->resolve('app\\\\Models\\\\Asso...', Array)
#2 C:\\xampp\\htdocs\\Lumen-API\\lumen-api\\vendor\\laravel\\lumen-framework\\src\\Application.php(300): Illuminate\\Container\\Container->make('app\\\\Models\\\\Asso...', Array)
#3 C:\\xampp\\htdocs\\Lumen-API\\lumen-api\\vendor\\illuminate\\container\\Container.php(1027): Laravel\\Lumen\\Application->make('app\\\\Models\\\\Asso...')
#4 C:\\xampp\\htdocs\\Lumen-API\\lumen-api\\vendor\\illuminate\\container\\Container.php(947): Illuminate\\Container\\Container->resolveClass(Object(ReflectionParameter))
#5 C:\\xampp\\htdocs\\Lumen-API\\lumen-api\\vendor\\illuminate\\container\\Container.php(908): Illuminate\\Container\\Container->resolveDependencies(Array)
#6 C:\\xampp\\htdocs\\Lumen-API\\lumen-api\\vendor\\illuminate\\container\\Container.php(754): Illuminate\\Container\\Container->build('App\\\\Http\\\\Contro...')
#7 C:\\xampp\\htdocs\\Lumen-API\\lumen-api\\vendor\\illuminate\\container\\Container.php(692): Illuminate\\Container\\Container->resolve('App\\\\Http\\\\Contro...', Array)
#8 C:\\xampp\\htdocs\\Lumen-API\\lumen-api\\vendor\\laravel\\lumen-framework\\src\\Application.php(300): Illuminate\\Container\\Container->make('App\\\\Http\\\\Contro...', Array)
#9 C:\\xampp\\htdocs\\Lumen-API\\lumen-api\\vendor\\laravel\\lumen-framework\\src\\Concerns\\RoutesRequests.php(321): Laravel\\Lumen\\Application->make('App\\\\Http\\\\Contro...')
#10 C:\\xampp\\htdocs\\Lumen-API\\lumen-api\\vendor\\laravel\\lumen-framework\\src\\Concerns\\RoutesRequests.php(279): Laravel\\Lumen\\Application->callControllerAction(Array)
#11 C:\\xampp\\htdocs\\Lumen-API\\lumen-api\\vendor\\laravel\\lumen-framework\\src\\Concerns\\RoutesRequests.php(264): Laravel\\Lumen\\Application->callActionOnArrayBasedRoute(Array)
#12 C:\\xampp\\htdocs\\Lumen-API\\lumen-api\\vendor\\laravel\\lumen-framework\\src\\Concerns\\RoutesRequests.php(166): Laravel\\Lumen\\Application->handleFoundRoute(Array)
#13 C:\\xampp\\htdocs\\Lumen-API\\lumen-api\\vendor\\laravel\\lumen-framework\\src\\Concerns\\RoutesRequests.php(426): Laravel\\Lumen\\Application->Laravel\\Lumen\\Concerns\\{closure}(Object(Laravel\\Lumen\\Http\\Request))
#14 C:\\xampp\\htdocs\\Lumen-API\\lumen-api\\vendor\\laravel\\lumen-framework\\src\\Concerns\\RoutesRequests.php(172): Laravel\\Lumen\\Application->sendThroughPipeline(Array, Object(Closure))
#15 C:\\xampp\\htdocs\\Lumen-API\\lumen-api\\vendor\\laravel\\lumen-framework\\src\\Concerns\\RoutesRequests.php(109): Laravel\\Lumen\\Application->dispatch(NULL)
#16 C:\\xampp\\htdocs\\Lumen-API\\lumen-api\\public\\index.php(28): Laravel\\Lumen\\Application->run()
#17 {main}

[previous exception] [object] (ReflectionException(code: -1): Class \"app\\Models\\Associado\" does not exist at C:\\xampp\\htdocs\\Lumen-API\\lumen-api\\vendor\\illuminate\\container\\Container.php:873)
[stacktrace]
#0 C:\\xampp\\htdocs\\Lumen-API\\lumen-api\\vendor\\illuminate\\container\\Container.php(873): ReflectionClass->__construct('app\\\\Models\\\\Asso...')
#1 C:\\xampp\\htdocs\\Lumen-API\\lumen-api\\vendor\\illuminate\\container\\Container.php(754): Illuminate\\Container\\Container->build('app\\\\Models\\\\Asso...')
#2 C:\\xampp\\htdocs\\Lumen-API\\lumen-api\\vendor\\illuminate\\container\\Container.php(692): Illuminate\\Container\\Container->resolve('app\\\\Models\\\\Asso...', Array)
#3 C:\\xampp\\htdocs\\Lumen-API\\lumen-api\\vendor\\laravel\\lumen-framework\\src\\Application.php(300): Illuminate\\Container\\Container->make('app\\\\Models\\\\Asso...', Array)
#4 C:\\xampp\\htdocs\\Lumen-API\\lumen-api\\vendor\\illuminate\\container\\Container.php(1027): Laravel\\Lumen\\Application->make('app\\\\Models\\\\Asso...')
#5 C:\\xampp\\htdocs\\Lumen-API\\lumen-api\\vendor\\illuminate\\container\\Container.php(947): Illuminate\\Container\\Container->resolveClass(Object(ReflectionParameter))
#6 C:\\xampp\\htdocs\\Lumen-API\\lumen-api\\vendor\\illuminate\\container\\Container.php(908): Illuminate\\Container\\Container->resolveDependencies(Array)
#7 C:\\xampp\\htdocs\\Lumen-API\\lumen-api\\vendor\\illuminate\\container\\Container.php(754): Illuminate\\Container\\Container->build('App\\\\Http\\\\Contro...')
#8 C:\\xampp\\htdocs\\Lumen-API\\lumen-api\\vendor\\illuminate\\container\\Container.php(692): Illuminate\\Container\\Container->resolve('App\\\\Http\\\\Contro...', Array)
#9 C:\\xampp\\htdocs\\Lumen-API\\lumen-api\\vendor\\laravel\\lumen-framework\\src\\Application.php(300): Illuminate\\Container\\Container->make('App\\\\Http\\\\Contro...', Array)
#10 C:\\xampp\\htdocs\\Lumen-API\\lumen-api\\vendor\\laravel\\lumen-framework\\src\\Concerns\\RoutesRequests.php(321): Laravel\\Lumen\\Application->make('App\\\\Http\\\\Contro...')
#11 C:\\xampp\\htdocs\\Lumen-API\\lumen-api\\vendor\\laravel\\lumen-framework\\src\\Concerns\\RoutesRequests.php(279): Laravel\\Lumen\\Application->callControllerAction(Array)
#12 C:\\xampp\\htdocs\\Lumen-API\\lumen-api\\vendor\\laravel\\lumen-framework\\src\\Concerns\\RoutesRequests.php(264): Laravel\\Lumen\\Application->callActionOnArrayBasedRoute(Array)
#13 C:\\xampp\\htdocs\\Lumen-API\\lumen-api\\vendor\\laravel\\lumen-framework\\src\\Concerns\\RoutesRequests.php(166): Laravel\\Lumen\\Application->handleFoundRoute(Array)
#14 C:\\xampp\\htdocs\\Lumen-API\\lumen-api\\vendor\\laravel\\lumen-framework\\src\\Concerns\\RoutesRequests.php(426): Laravel\\Lumen\\Application->Laravel\\Lumen\\Concerns\\{closure}(Object(Laravel\\Lumen\\Http\\Request))
#15 C:\\xampp\\htdocs\\Lumen-API\\lumen-api\\vendor\\laravel\\lumen-framework\\src\\Concerns\\RoutesRequests.php(172): Laravel\\Lumen\\Application->sendThroughPipeline(Array, Object(Closure))
#16 C:\\xampp\\htdocs\\Lumen-API\\lumen-api\\vendor\\laravel\\lumen-framework\\src\\Concerns\\RoutesRequests.php(109): Laravel\\Lumen\\Application->dispatch(NULL)
#17 C:\\xampp\\htdocs\\Lumen-API\\lumen-api\\public\\index.php(28): Laravel\\Lumen\\Application->run()
#18 {main}
"} 
[2021-07-28 14:22:54] local.ERROR: Class "app\Models\Associado" not found {"exception":"[object] (Error(code: 0): Class \"app\\Models\\Associado\" not found at C:\\xampp\\htdocs\\Lumen-API\\lumen-api\\app\\Http\\Controllers\\AssociadoController.php:14)
[stacktrace]
#0 C:\\xampp\\htdocs\\Lumen-API\\lumen-api\\vendor\\illuminate\\container\\BoundMethod.php(36): App\\Http\\Controllers\\AssociadoController->todosUsuarios(Object(Laravel\\Lumen\\Http\\Request))
#1 C:\\xampp\\htdocs\\Lumen-API\\lumen-api\\vendor\\illuminate\\container\\Util.php(40): Illuminate\\Container\\BoundMethod::Illuminate\\Container\\{closure}()
#2 C:\\xampp\\htdocs\\Lumen-API\\lumen-api\\vendor\\illuminate\\container\\BoundMethod.php(93): Illuminate\\Container\\Util::unwrapIfClosure(Object(Closure))
#3 C:\\xampp\\htdocs\\Lumen-API\\lumen-api\\vendor\\illuminate\\container\\BoundMethod.php(37): Illuminate\\Container\\BoundMethod::callBoundMethod(Object(Laravel\\Lumen\\Application), Array, Object(Closure))
#4 C:\\xampp\\htdocs\\Lumen-API\\lumen-api\\vendor\\illuminate\\container\\Container.php(651): Illuminate\\Container\\BoundMethod::call(Object(Laravel\\Lumen\\Application), Array, Array, NULL)
#5 C:\\xampp\\htdocs\\Lumen-API\\lumen-api\\vendor\\laravel\\lumen-framework\\src\\Concerns\\RoutesRequests.php(386): Illuminate\\Container\\Container->call(Array, Array)
#6 C:\\xampp\\htdocs\\Lumen-API\\lumen-api\\vendor\\laravel\\lumen-framework\\src\\Concerns\\RoutesRequests.php(352): Laravel\\Lumen\\Application->callControllerCallable(Array, Array)
#7 C:\\xampp\\htdocs\\Lumen-API\\lumen-api\\vendor\\laravel\\lumen-framework\\src\\Concerns\\RoutesRequests.php(326): Laravel\\Lumen\\Application->callLumenController(Object(App\\Http\\Controllers\\AssociadoController), 'todosUsuarios', Array)
#8 C:\\xampp\\htdocs\\Lumen-API\\lumen-api\\vendor\\laravel\\lumen-framework\\src\\Concerns\\RoutesRequests.php(279): Laravel\\Lumen\\Application->callControllerAction(Array)
#9 C:\\xampp\\htdocs\\Lumen-API\\lumen-api\\vendor\\laravel\\lumen-framework\\src\\Concerns\\RoutesRequests.php(264): Laravel\\Lumen\\Application->callActionOnArrayBasedRoute(Array)
#10 C:\\xampp\\htdocs\\Lumen-API\\lumen-api\\vendor\\laravel\\lumen-framework\\src\\Concerns\\RoutesRequests.php(166): Laravel\\Lumen\\Application->handleFoundRoute(Array)
#11 C:\\xampp\\htdocs\\Lumen-API\\lumen-api\\vendor\\laravel\\lumen-framework\\src\\Concerns\\RoutesRequests.php(426): Laravel\\Lumen\\Application->Laravel\\Lumen\\Concerns\\{closure}(Object(Laravel\\Lumen\\Http\\Request))
#12 C:\\xampp\\htdocs\\Lumen-API\\lumen-api\\vendor\\laravel\\lumen-framework\\src\\Concerns\\RoutesRequests.php(172): Laravel\\Lumen\\Application->sendThroughPipeline(Array, Object(Closure))
#13 C:\\xampp\\htdocs\\Lumen-API\\lumen-api\\vendor\\laravel\\lumen-framework\\src\\Concerns\\RoutesRequests.php(109): Laravel\\Lumen\\Application->dispatch(NULL)
#14 C:\\xampp\\htdocs\\Lumen-API\\lumen-api\\public\\index.php(28): Laravel\\Lumen\\Application->run()
#15 {main}
"} 
